START 
blue0666 : Wed Nov  7 12:39:50 2012
/bin/sh: -c: line 0: unexpected EOF while looking for matching `''
/bin/sh: -c: line 1: syntax error: unexpected end of file
blue0666 : Wed Nov  7 12:39:50 2012
END

START 
blue0666 : Wed Nov  7 12:39:51 2012
/bin/sh: -c: line 0: unexpected EOF while looking for matching `''
/bin/sh: -c: line 1: syntax error: unexpected end of file
blue0666 : Wed Nov  7 12:39:51 2012
END

START 
blue0666 : Wed Nov  7 12:39:52 2012
/bin/sh: -c: line 0: unexpected EOF while looking for matching `''
/bin/sh: -c: line 1: syntax error: unexpected end of file
blue0666 : Wed Nov  7 12:39:52 2012
END

START 
blue0666 : Wed Nov  7 12:39:54 2012
/bin/sh: -c: line 0: unexpected EOF while looking for matching `''
/bin/sh: -c: line 1: syntax error: unexpected end of file
blue0666 : Wed Nov  7 12:39:54 2012
END

START 
blue0666 : Wed Nov  7 12:39:56 2012
/bin/sh: -c: line 0: unexpected EOF while looking for matching `''
/bin/sh: -c: line 1: syntax error: unexpected end of file
blue0666 : Wed Nov  7 12:39:56 2012
END

